<!DOCTYPE html PUBLIC "-//W3C//DTD XHTML 1.0 Transitional//EN" "http://www.w3.org/TR/xhtml1/DTD/xhtml1-transitional.dtd">
<!-- Generated by Apache Maven Doxia Site Renderer 1.4 at 2020-02-21 -->
<html xmlns="http://www.w3.org/1999/xhtml" xml:lang="en" lang="en">
  <head>
    <meta http-equiv="Content-Type" content="text/html; charset=UTF-8" />
    <title>junit_selenium - Surefire Report</title>
    <style type="text/css" media="all">
      @import url("./css/maven-base.css");
      @import url("./css/maven-theme.css");
      @import url("./css/site.css");
    </style>
    <link rel="stylesheet" href="./css/print.css" type="text/css" media="print" />
    <meta name="Date-Revision-yyyymmdd" content="20200221" />
    <meta http-equiv="Content-Language" content="en" />
        
        </head>
  <body class="composite">
    <div id="banner">
                    <div id="bannerLeft">
                junit_selenium
                </div>
                    <div class="clear">
        <hr/>
      </div>
    </div>
    <div id="breadcrumbs">
            
                    
                <div class="xleft">
        <span id="publishDate">Last Published: 2020-02-21</span>
                  &nbsp;| <span id="projectVersion">Version: 0.0.1-SNAPSHOT</span>
                      </div>
            <div class="xright">                    <a href="./" title="junit_selenium">junit_selenium</a>
              
                    
      </div>
      <div class="clear">
        <hr/>
      </div>
    </div>
    <div id="leftColumn">
      <div id="navcolumn">
             
                    
                                          <h5>Project Documentation</h5>
                  <ul>
                                                                                                                                                                                <li class="collapsed">
                          <a href="project-info.html" title="Project Information">Project Information</a>
                  </li>
                                                                              <li class="expanded">
                          <a href="project-reports.html" title="Project Reports">Project Reports</a>
                    <ul>
                      <li class="none">
            <strong>Surefire Report</strong>
          </li>
              </ul>
        </li>
          </ul>
                             <a href="http://maven.apache.org/" title="Built by Maven" class="poweredBy">
        <img class="poweredBy" alt="Built by Maven" src="./images/logos/maven-feather.png" />
      </a>
                   
                    
            </div>
    </div>
    <div id="bodyColumn">
      <div id="contentBox">
        <script type="application/javascript">
//<![CDATA[
function toggleDisplay(elementId) {
 var elm = document.getElementById(elementId + '-error');
 if (elm == null) {
  elm = document.getElementById(elementId + '-failure');
 }
 if (elm && typeof elm.style != "undefined") {
  if (elm.style.display == "none") {
   elm.style.display = "";
   document.getElementById(elementId + '-off').style.display = "none";
   document.getElementById(elementId + '-on').style.display = "inline";
  } else if (elm.style.display == "") {   elm.style.display = "none";
   document.getElementById(elementId + '-off').style.display = "inline";
   document.getElementById(elementId + '-on').style.display = "none";
  } 
 } 
 }
//]]>
</script>
<div class="section">
<h2>Surefire Report<a name="Surefire_Report"></a></h2></div>
<div class="section">
<h2>Summary<a name="Summary"></a></h2><a name="Summary"></a>
<p>[<a href="#Summary">Summary</a>] [<a href="#Package_List">Package List</a>] [<a href="#Test_Cases">Test Cases</a>]</p><br />
<table border="1" class="bodyTable">
<tr class="a">
<th>Tests</th>
<th>Errors</th>
<th>Failures</th>
<th>Skipped</th>
<th>Success Rate</th>
<th>Time</th></tr>
<tr class="b">
<td>20</td>
<td>0</td>
<td>1</td>
<td>0</td>
<td>95%</td>
<td>10.466</td></tr></table><br />
<p>Note: failures are anticipated and checked for with assertions while errors are unanticipated.</p><br /></div>
<div class="section">
<h2>Package List<a name="Package_List"></a></h2><a name="Package_List"></a>
<p>[<a href="#Summary">Summary</a>] [<a href="#Package_List">Package List</a>] [<a href="#Test_Cases">Test Cases</a>]</p><br />
<table border="1" class="bodyTable">
<tr class="a">
<th>Package</th>
<th>Tests</th>
<th>Errors</th>
<th>Failures</th>
<th>Skipped</th>
<th>Success Rate</th>
<th>Time</th></tr>
<tr class="b">
<td><a href="#ts.junit.selenium">ts.junit.selenium</a></td>
<td>20</td>
<td>0</td>
<td>1</td>
<td>0</td>
<td>95%</td>
<td>10.466</td></tr></table><br />
<p>Note: package statistics are not computed recursively, they only sum up all of its testsuites numbers.</p>
<div class="section">
<h3>ts.junit.selenium<a name="ts.junit.selenium"></a></h3><a name="ts.junit.selenium"></a>
<table border="1" class="bodyTable">
<tr class="a">
<th></th>
<th>Class</th>
<th>Tests</th>
<th>Errors</th>
<th>Failures</th>
<th>Skipped</th>
<th>Success Rate</th>
<th>Time</th></tr>
<tr class="b">
<td><a href="#ts.junit.selenium.TestTravelBooking"><img src="images/icon_warning_sml.gif" alt="" /></a></td>
<td><a href="#ts.junit.selenium.TestTravelBooking">TestTravelBooking</a></td>
<td>19</td>
<td>0</td>
<td>1</td>
<td>0</td>
<td>94.737%</td>
<td>10.464</td></tr>
<tr class="a">
<td><a href="#ts.junit.selenium.AppTest"><img src="images/icon_success_sml.gif" alt="" /></a></td>
<td><a href="#ts.junit.selenium.AppTest">AppTest</a></td>
<td>1</td>
<td>0</td>
<td>0</td>
<td>0</td>
<td>100%</td>
<td>0.002</td></tr></table></div><br /></div>
<div class="section">
<h2>Test Cases<a name="Test_Cases"></a></h2><a name="Test_Cases"></a>
<p>[<a href="#Summary">Summary</a>] [<a href="#Package_List">Package List</a>] [<a href="#Test_Cases">Test Cases</a>]</p>
<div class="section">
<h3>TestTravelBooking<a name="TestTravelBooking"></a></h3><a name="ts.junit.selenium.TestTravelBooking"></a>
<table border="1" class="bodyTable">
<tr class="a">
<td><img src="images/icon_success_sml.gif" alt="" /></td>
<td><a name="TC_ts.junit.selenium.TestTravelBooking.test01GoToLoginPage"></a>test01GoToLoginPage</td>
<td>5.398</td></tr>
<tr class="b">
<td><img src="images/icon_success_sml.gif" alt="" /></td>
<td><a name="TC_ts.junit.selenium.TestTravelBooking.test02EnterUserNameAndPasswordAndLogin"></a>test02EnterUserNameAndPasswordAndLogin</td>
<td>0.643</td></tr>
<tr class="a">
<td><img src="images/icon_success_sml.gif" alt="" /></td>
<td><a name="TC_ts.junit.selenium.TestTravelBooking.test03ValidateLogin"></a>test03ValidateLogin</td>
<td>0.008</td></tr>
<tr class="b">
<td><img src="images/icon_success_sml.gif" alt="" /></td>
<td><a name="TC_ts.junit.selenium.TestTravelBooking.test04SelectMultiwayFlyingType"></a>test04SelectMultiwayFlyingType</td>
<td>0.61</td></tr>
<tr class="a">
<td><img src="images/icon_success_sml.gif" alt="" /></td>
<td><a name="TC_ts.junit.selenium.TestTravelBooking.test05SelectMultiwaySource"></a>test05SelectMultiwaySource</td>
<td>0.493</td></tr>
<tr class="b">
<td><img src="images/icon_success_sml.gif" alt="" /></td>
<td><a name="TC_ts.junit.selenium.TestTravelBooking.test06SelectMultiwayDestination"></a>test06SelectMultiwayDestination</td>
<td>0.16</td></tr>
<tr class="a">
<td><img src="images/icon_success_sml.gif" alt="" /></td>
<td><a name="TC_ts.junit.selenium.TestTravelBooking.test07PickDepartureDate"></a>test07PickDepartureDate</td>
<td>0.266</td></tr>
<tr class="b">
<td><img src="images/icon_success_sml.gif" alt="" /></td>
<td><a name="TC_ts.junit.selenium.TestTravelBooking.test08PickReturnDate"></a>test08PickReturnDate</td>
<td>0.526</td></tr>
<tr class="a">
<td><img src="images/icon_success_sml.gif" alt="" /></td>
<td><a name="TC_ts.junit.selenium.TestTravelBooking.test09Select2AdultsPremiumEconomyTicket"></a>test09Select2AdultsPremiumEconomyTicket</td>
<td>0.459</td></tr>
<tr class="b">
<td><img src="images/icon_success_sml.gif" alt="" /></td>
<td><a name="TC_ts.junit.selenium.TestTravelBooking.test10ClickOnSearch"></a>test10ClickOnSearch</td>
<td>0.048</td></tr>
<tr class="a">
<td><img src="images/icon_success_sml.gif" alt="" /></td>
<td><a name="TC_ts.junit.selenium.TestTravelBooking.test11VerifyFlightSearchWithDepartureAndArrivalInput"></a>test11VerifyFlightSearchWithDepartureAndArrivalInput</td>
<td>0.04</td></tr>
<tr class="b">
<td><img src="images/icon_success_sml.gif" alt="" /></td>
<td><a name="TC_ts.junit.selenium.TestTravelBooking.test12SelectOnewayFlightType"></a>test12SelectOnewayFlightType</td>
<td>0.045</td></tr>
<tr class="a">
<td><img src="images/icon_success_sml.gif" alt="" /></td>
<td><a name="TC_ts.junit.selenium.TestTravelBooking.test13SelectOnewayDepartureLocation"></a>test13SelectOnewayDepartureLocation</td>
<td>0.151</td></tr>
<tr class="b">
<td><img src="images/icon_success_sml.gif" alt="" /></td>
<td><a name="TC_ts.junit.selenium.TestTravelBooking.test14SelectOnewayDestination"></a>test14SelectOnewayDestination</td>
<td>0.151</td></tr>
<tr class="a">
<td><img src="images/icon_success_sml.gif" alt="" /></td>
<td><a name="TC_ts.junit.selenium.TestTravelBooking.test15PickOnewayDepartureDate"></a>test15PickOnewayDepartureDate</td>
<td>0.203</td></tr>
<tr class="b">
<td><img src="images/icon_success_sml.gif" alt="" /></td>
<td><a name="TC_ts.junit.selenium.TestTravelBooking.test16SelectOneAdultWithBusinessClass"></a>test16SelectOneAdultWithBusinessClass</td>
<td>0.448</td></tr>
<tr class="a">
<td><img src="images/icon_success_sml.gif" alt="" /></td>
<td><a name="TC_ts.junit.selenium.TestTravelBooking.test17VerifyBookingFlightsForWashingtonToLondon"></a>test17VerifyBookingFlightsForWashingtonToLondon</td>
<td>0.033</td></tr>
<tr class="b">
<td><img src="images/icon_success_sml.gif" alt="" /></td>
<td><a name="TC_ts.junit.selenium.TestTravelBooking.test18ClickOnthirdFlightToBook"></a>test18ClickOnthirdFlightToBook</td>
<td>0.758</td></tr>
<tr class="a">
<td><a href="#ts.junit.selenium.TestTravelBooking.test19VerifyJourneySummary"><img src="images/icon_error_sml.gif" alt="" /></a></td>
<td><a name="TC_ts.junit.selenium.TestTravelBooking.test19VerifyJourneySummary"></a><a href="#ts.junit.selenium.TestTravelBooking.test19VerifyJourneySummary">test19VerifyJourneySummary</a>
<div class="detailToggle" style="display:inline"><a href="javascript:toggleDisplay('ts.junit.selenium.TestTravelBooking.test19VerifyJourneySummary');"><span style="display:inline;" id="ts.junit.selenium.TestTravelBooking.test19VerifyJourneySummary-off"> + </span><span style="display:none;" id="ts.junit.selenium.TestTravelBooking.test19VerifyJourneySummary-on"> - </span>[ Detail ]</a></div></td>
<td>0.024</td></tr>
<tr class="b">
<td></td>
<td>Expected text not found expected:&lt;false&gt; but was:&lt;true&gt;</td>
<td></td></tr>
<tr class="a">
<td></td>
<td>
<div id="ts.junit.selenium.TestTravelBooking.test19VerifyJourneySummary-failure" style="display:none;">
<div>
<pre>java.lang.AssertionError: Expected text not found expected:&lt;false&gt; but was:&lt;true&gt;
	at org.junit.Assert.fail(Assert.java:89)
	at org.junit.Assert.failNotEquals(Assert.java:835)
	at org.junit.Assert.assertEquals(Assert.java:120)
	at ts.junit.selenium.TestTravelBooking.test19VerifyJourneySummary(TestTravelBooking.java:185)
	at sun.reflect.NativeMethodAccessorImpl.invoke0(Native Method)
	at sun.reflect.NativeMethodAccessorImpl.invoke(NativeMethodAccessorImpl.java:62)
	at sun.reflect.DelegatingMethodAccessorImpl.invoke(DelegatingMethodAccessorImpl.java:43)
	at java.lang.reflect.Method.invoke(Method.java:498)
	at org.junit.runners.model.FrameworkMethod$1.runReflectiveCall(FrameworkMethod.java:59)
	at org.junit.internal.runners.model.ReflectiveCallable.run(ReflectiveCallable.java:12)
	at org.junit.runners.model.FrameworkMethod.invokeExplosively(FrameworkMethod.java:56)
	at org.junit.internal.runners.statements.InvokeMethod.evaluate(InvokeMethod.java:17)
	at org.junit.runners.ParentRunner$3.evaluate(ParentRunner.java:306)
	at org.junit.runners.BlockJUnit4ClassRunner$1.evaluate(BlockJUnit4ClassRunner.java:100)
	at org.junit.runners.ParentRunner.runLeaf(ParentRunner.java:366)
	at org.junit.runners.BlockJUnit4ClassRunner.runChild(BlockJUnit4ClassRunner.java:103)
	at org.junit.runners.BlockJUnit4ClassRunner.runChild(BlockJUnit4ClassRunner.java:63)
	at org.junit.runners.ParentRunner$4.run(ParentRunner.java:331)
	at org.junit.runners.ParentRunner$1.schedule(ParentRunner.java:79)
	at org.junit.runners.ParentRunner.runChildren(ParentRunner.java:329)
	at org.junit.runners.ParentRunner.access$100(ParentRunner.java:66)
	at org.junit.runners.ParentRunner$2.evaluate(ParentRunner.java:293)
	at org.junit.internal.runners.statements.RunBefores.evaluate(RunBefores.java:26)
	at org.junit.internal.runners.statements.RunAfters.evaluate(RunAfters.java:27)
	at org.junit.runners.ParentRunner$3.evaluate(ParentRunner.java:306)
	at org.junit.runners.ParentRunner.run(ParentRunner.java:413)
	at org.apache.maven.surefire.junit4.JUnit4Provider.execute(JUnit4Provider.java:252)
	at org.apache.maven.surefire.junit4.JUnit4Provider.executeTestSet(JUnit4Provider.java:141)
	at org.apache.maven.surefire.junit4.JUnit4Provider.invoke(JUnit4Provider.java:112)
	at sun.reflect.NativeMethodAccessorImpl.invoke0(Native Method)
	at sun.reflect.NativeMethodAccessorImpl.invoke(NativeMethodAccessorImpl.java:62)
	at sun.reflect.DelegatingMethodAccessorImpl.invoke(DelegatingMethodAccessorImpl.java:43)
	at java.lang.reflect.Method.invoke(Method.java:498)
	at org.apache.maven.surefire.util.ReflectionUtils.invokeMethodWithArray(ReflectionUtils.java:189)
	at org.apache.maven.surefire.booter.ProviderFactory$ProviderProxy.invoke(ProviderFactory.java:165)
	at org.apache.maven.surefire.booter.ProviderFactory.invokeProvider(ProviderFactory.java:85)
	at org.apache.maven.surefire.booter.ForkedBooter.runSuitesInProcess(ForkedBooter.java:115)
	at org.apache.maven.surefire.booter.ForkedBooter.main(ForkedBooter.java:75)</pre></div></div></td>
<td></td></tr></table></div>
<div class="section">
<h3>AppTest<a name="AppTest"></a></h3><a name="ts.junit.selenium.AppTest"></a>
<table border="1" class="bodyTable">
<tr class="a">
<td><img src="images/icon_success_sml.gif" alt="" /></td>
<td><a name="TC_ts.junit.selenium.AppTest.testApp"></a>testApp</td>
<td>0.002</td></tr></table></div><br /></div>
<div class="section">
<h2>Failure Details<a name="Failure_Details"></a></h2><a name="Failure_Details"></a>
<p>[<a href="#Summary">Summary</a>] [<a href="#Package_List">Package List</a>] [<a href="#Test_Cases">Test Cases</a>]</p><br />
<table border="1" class="bodyTable">
<tr class="a">
<td><img src="images/icon_error_sml.gif" alt="" /></td>
<td><a name="ts.junit.selenium.TestTravelBooking.test19VerifyJourneySummary"></a>test19VerifyJourneySummary</td></tr>
<tr class="b">
<td></td>
<td>java.lang.AssertionError: Expected text not found expected:&lt;false&gt; but was:&lt;true&gt;</td></tr>
<tr class="a">
<td></td>
<td>
<div id="test19VerifyJourneySummary-failure">ts.junit.selenium.TestTravelBooking:185</div></td></tr></table><br /></div>
      </div>
    </div>
    <div class="clear">
      <hr/>
    </div>
    <div id="footer">
      <div class="xright">
              Copyright &#169;                   2020.
          All Rights Reserved.      
                    
                  </div>
      <div class="clear">
        <hr/>
      </div>
    </div>
  </body>
</html>
